0 info it worked if it ends with ok
1 verbose cli [ 'node',
1 verbose cli   '/usr/local/bin/npm',
1 verbose cli   'publish',
1 verbose cli   'konishileedistpicker' ]
2 info using npm@2.7.6
3 info using node@v0.10.33
4 verbose publish [ 'konishileedistpicker' ]
5 silly cache add args [ 'konishileedistpicker', null ]
6 verbose cache add spec konishileedistpicker
7 silly cache add parsed spec { raw: 'konishileedistpicker',
7 silly cache add   scope: null,
7 silly cache add   name: 'konishileedistpicker',
7 silly cache add   rawSpec: '',
7 silly cache add   spec: '*',
7 silly cache add   type: 'range' }
8 silly addNamed konishileedistpicker@*
9 verbose addNamed "*" is a valid semver range for konishileedistpicker
10 silly addNameRange { name: 'konishileedistpicker', range: '*', hasData: false }
11 silly mapToRegistry name konishileedistpicker
12 silly mapToRegistry using default registry
13 silly mapToRegistry registry https://registry.npmjs.org/
14 silly mapToRegistry uri https://registry.npmjs.org/konishileedistpicker
15 verbose addNameRange registry:https://registry.npmjs.org/konishileedistpicker not in flight; fetching
16 verbose request uri https://registry.npmjs.org/konishileedistpicker
17 verbose request no auth needed
18 info attempt registry request try #1 at 10:52:05
19 verbose request using bearer token for auth
20 verbose request id 8b415a67467f40b5
21 http request GET https://registry.npmjs.org/konishileedistpicker
22 http 404 https://registry.npmjs.org/konishileedistpicker
23 verbose headers { 'content-type': 'application/json',
23 verbose headers   'cache-control': 'max-age=0',
23 verbose headers   'content-length': '2',
23 verbose headers   'accept-ranges': 'bytes',
23 verbose headers   date: 'Wed, 30 Sep 2015 02:52:06 GMT',
23 verbose headers   via: '1.1 varnish',
23 verbose headers   connection: 'keep-alive',
23 verbose headers   'x-served-by': 'cache-nrt6126-NRT',
23 verbose headers   'x-cache': 'MISS',
23 verbose headers   'x-cache-hits': '0',
23 verbose headers   'x-timer': 'S1443581526.064435,VS0,VE147' }
24 silly get cb [ 404,
24 silly get   { 'content-type': 'application/json',
24 silly get     'cache-control': 'max-age=0',
24 silly get     'content-length': '2',
24 silly get     'accept-ranges': 'bytes',
24 silly get     date: 'Wed, 30 Sep 2015 02:52:06 GMT',
24 silly get     via: '1.1 varnish',
24 silly get     connection: 'keep-alive',
24 silly get     'x-served-by': 'cache-nrt6126-NRT',
24 silly get     'x-cache': 'MISS',
24 silly get     'x-cache-hits': '0',
24 silly get     'x-timer': 'S1443581526.064435,VS0,VE147' } ]
25 verbose stack Error: Registry returned 404 for GET on https://registry.npmjs.org/konishileedistpicker
25 verbose stack     at CachingRegistryClient.<anonymous> (/usr/local/lib/node_modules/npm/node_modules/npm-registry-client/lib/request.js:239:14)
25 verbose stack     at Request._callback (/usr/local/lib/node_modules/npm/node_modules/npm-registry-client/lib/request.js:170:14)
25 verbose stack     at Request.self.callback (/usr/local/lib/node_modules/npm/node_modules/request/request.js:360:22)
25 verbose stack     at Request.emit (events.js:98:17)
25 verbose stack     at Request.<anonymous> (/usr/local/lib/node_modules/npm/node_modules/request/request.js:1202:14)
25 verbose stack     at Request.emit (events.js:117:20)
25 verbose stack     at IncomingMessage.<anonymous> (/usr/local/lib/node_modules/npm/node_modules/request/request.js:1150:12)
25 verbose stack     at IncomingMessage.emit (events.js:117:20)
25 verbose stack     at _stream_readable.js:943:16
25 verbose stack     at process._tickCallback (node.js:419:13)
26 verbose statusCode 404
27 verbose pkgid konishileedistpicker
28 verbose cwd /Users/pj/Desktop/konishileedistpicker
29 error Darwin 14.5.0
30 error argv "node" "/usr/local/bin/npm" "publish" "konishileedistpicker"
31 error node v0.10.33
32 error npm  v2.7.6
33 error code E404
34 error 404 Registry returned 404 for GET on https://registry.npmjs.org/konishileedistpicker
34 error 404
34 error 404 'konishileedistpicker' is not in the npm registry.
34 error 404 You should bug the author to publish it (or use the name yourself!)
34 error 404
34 error 404 Note that you can also install from a
34 error 404 tarball, folder, http url, or git url.
35 verbose exit [ 1, true ]
